<?xml version="1.0" encoding="UTF-8"?>
<!-- Generated by org.testng.reporters.JUnitReportReporter -->
<testsuite skipped="0" hostname="DESKTOP-QUKCJDR" name="package1.Test1" tests="2" failures="0" timestamp="24 Dec 2017 15:58:33 GMT" time="17.880" errors="0">
  <testcase name="start" time="17.822" classname="package1.Test1"/>
  <testcase name="navigate_to_main_window" time="0.058" classname="package1.Test1"/>
</testsuite> <!-- package1.Test1 -->
