<?xml version="1.0" encoding="UTF-8"?>
<!-- Generated by org.testng.reporters.JUnitReportReporter -->
<testsuite skipped="0" hostname="DESKTOP-QUKCJDR" name="package1.Test1" tests="2" failures="0" timestamp="24 Dec 2017 16:02:16 GMT" time="38.554" errors="0">
  <testcase name="start" time="38.463" classname="package1.Test1"/>
  <testcase name="navigate_to_main_window" time="0.091" classname="package1.Test1"/>
</testsuite> <!-- package1.Test1 -->
